Type: Warning Num: 11
Date: 2020.03.09 04:40:03 059
Sender: bool Emulator::Load( const QString &path )
Message: No "qemu-system-arm" element!

Type: Warning Num: 12
Date: 2020.03.09 04:40:03 059
Sender: bool Emulator::Load( const QString &path )
Message: No "qemu-system-cris" element!

Type: Warning Num: 13
Date: 2020.03.09 04:40:03 060
Sender: bool Emulator::Load( const QString &path )
Message: No "qemu-system-m68k" element!

Type: Warning Num: 14
Date: 2020.03.09 04:40:03 060
Sender: bool Emulator::Load( const QString &path )
Message: No "qemu-system-microblaze" element!

Type: Warning Num: 15
Date: 2020.03.09 04:40:03 060
Sender: bool Emulator::Load( const QString &path )
Message: No "qemu-system-mips" element!

Type: Warning Num: 16
Date: 2020.03.09 04:40:03 060
Sender: bool Emulator::Load( const QString &path )
Message: No "qemu-system-mips64" element!

Type: Warning Num: 17
Date: 2020.03.09 04:40:03 060
Sender: bool Emulator::Load( const QString &path )
Message: No "qemu-system-mips64el" element!

Type: Warning Num: 18
Date: 2020.03.09 04:40:03 060
Sender: bool Emulator::Load( const QString &path )
Message: No "qemu-system-mipsel" element!

Type: Warning Num: 19
Date: 2020.03.09 04:40:03 060
Sender: bool Emulator::Load( const QString &path )
Message: No "qemu-system-ppc" element!

Type: Warning Num: 20
Date: 2020.03.09 04:40:03 060
Sender: bool Emulator::Load( const QString &path )
Message: No "qemu-system-ppc64" element!

Type: Warning Num: 21
Date: 2020.03.09 04:40:03 060
Sender: bool Emulator::Load( const QString &path )
Message: No "qemu-system-ppcemb" element!

Type: Warning Num: 22
Date: 2020.03.09 04:40:03 060
Sender: bool Emulator::Load( const QString &path )
Message: No "qemu-system-sh4" element!

Type: Warning Num: 23
Date: 2020.03.09 04:40:03 060
Sender: bool Emulator::Load( const QString &path )
Message: No "qemu-system-sh4eb" element!

Type: Warning Num: 24
Date: 2020.03.09 04:40:03 060
Sender: bool Emulator::Load( const QString &path )
Message: No "qemu-system-sparc" element!

Type: Warning Num: 25
Date: 2020.03.09 04:40:03 060
Sender: bool Emulator::Load( const QString &path )
Message: No "qemu-system-sparc64" element!

Type: Warning Num: 27
Date: 2020.03.09 04:40:03 061
Sender: bool Emulator::Load( const QString &path )
Message: No "qemu-system-arm" element!

Type: Warning Num: 28
Date: 2020.03.09 04:40:03 061
Sender: bool Emulator::Load( const QString &path )
Message: No "qemu-system-cris" element!

Type: Warning Num: 29
Date: 2020.03.09 04:40:03 061
Sender: bool Emulator::Load( const QString &path )
Message: No "qemu-system-m68k" element!

Type: Warning Num: 30
Date: 2020.03.09 04:40:03 061
Sender: bool Emulator::Load( const QString &path )
Message: No "qemu-system-microblaze" element!

Type: Warning Num: 31
Date: 2020.03.09 04:40:03 061
Sender: bool Emulator::Load( const QString &path )
Message: No "qemu-system-mips" element!

Type: Warning Num: 32
Date: 2020.03.09 04:40:03 061
Sender: bool Emulator::Load( const QString &path )
Message: No "qemu-system-mips64" element!

Type: Warning Num: 33
Date: 2020.03.09 04:40:03 061
Sender: bool Emulator::Load( const QString &path )
Message: No "qemu-system-mips64el" element!

Type: Warning Num: 34
Date: 2020.03.09 04:40:03 061
Sender: bool Emulator::Load( const QString &path )
Message: No "qemu-system-mipsel" element!

Type: Warning Num: 35
Date: 2020.03.09 04:40:03 061
Sender: bool Emulator::Load( const QString &path )
Message: No "qemu-system-ppc" element!

Type: Warning Num: 36
Date: 2020.03.09 04:40:03 061
Sender: bool Emulator::Load( const QString &path )
Message: No "qemu-system-ppc64" element!

Type: Warning Num: 37
Date: 2020.03.09 04:40:03 061
Sender: bool Emulator::Load( const QString &path )
Message: No "qemu-system-ppcemb" element!

Type: Warning Num: 38
Date: 2020.03.09 04:40:03 061
Sender: bool Emulator::Load( const QString &path )
Message: No "qemu-system-sh4" element!

Type: Warning Num: 39
Date: 2020.03.09 04:40:03 061
Sender: bool Emulator::Load( const QString &path )
Message: No "qemu-system-sh4eb" element!

Type: Warning Num: 40
Date: 2020.03.09 04:40:03 061
Sender: bool Emulator::Load( const QString &path )
Message: No "qemu-system-sparc" element!

Type: Warning Num: 41
Date: 2020.03.09 04:40:03 061
Sender: bool Emulator::Load( const QString &path )
Message: No "qemu-system-sparc64" element!

Type: Warning Num: 44
Date: 2020.03.09 04:40:03 085
Sender: bool Emulator::Load( const QString &path )
Message: No "qemu-system-arm" element!

Type: Warning Num: 45
Date: 2020.03.09 04:40:03 085
Sender: bool Emulator::Load( const QString &path )
Message: No "qemu-system-cris" element!

Type: Warning Num: 46
Date: 2020.03.09 04:40:03 085
Sender: bool Emulator::Load( const QString &path )
Message: No "qemu-system-m68k" element!

Type: Warning Num: 47
Date: 2020.03.09 04:40:03 086
Sender: bool Emulator::Load( const QString &path )
Message: No "qemu-system-microblaze" element!

Type: Warning Num: 48
Date: 2020.03.09 04:40:03 086
Sender: bool Emulator::Load( const QString &path )
Message: No "qemu-system-mips" element!

Type: Warning Num: 49
Date: 2020.03.09 04:40:03 086
Sender: bool Emulator::Load( const QString &path )
Message: No "qemu-system-mips64" element!

Type: Warning Num: 50
Date: 2020.03.09 04:40:03 086
Sender: bool Emulator::Load( const QString &path )
Message: No "qemu-system-mips64el" element!

Type: Warning Num: 51
Date: 2020.03.09 04:40:03 086
Sender: bool Emulator::Load( const QString &path )
Message: No "qemu-system-mipsel" element!

Type: Warning Num: 52
Date: 2020.03.09 04:40:03 086
Sender: bool Emulator::Load( const QString &path )
Message: No "qemu-system-ppc" element!

Type: Warning Num: 53
Date: 2020.03.09 04:40:03 086
Sender: bool Emulator::Load( const QString &path )
Message: No "qemu-system-ppc64" element!

Type: Warning Num: 54
Date: 2020.03.09 04:40:03 086
Sender: bool Emulator::Load( const QString &path )
Message: No "qemu-system-ppcemb" element!

Type: Warning Num: 55
Date: 2020.03.09 04:40:03 086
Sender: bool Emulator::Load( const QString &path )
Message: No "qemu-system-sh4" element!

Type: Warning Num: 56
Date: 2020.03.09 04:40:03 086
Sender: bool Emulator::Load( const QString &path )
Message: No "qemu-system-sh4eb" element!

Type: Warning Num: 57
Date: 2020.03.09 04:40:03 086
Sender: bool Emulator::Load( const QString &path )
Message: No "qemu-system-sparc" element!

Type: Warning Num: 58
Date: 2020.03.09 04:40:03 086
Sender: bool Emulator::Load( const QString &path )
Message: No "qemu-system-sparc64" element!

Type: Warning Num: 60
Date: 2020.03.09 04:40:03 087
Sender: bool Emulator::Load( const QString &path )
Message: No "qemu-system-arm" element!

Type: Warning Num: 61
Date: 2020.03.09 04:40:03 087
Sender: bool Emulator::Load( const QString &path )
Message: No "qemu-system-cris" element!

Type: Warning Num: 62
Date: 2020.03.09 04:40:03 087
Sender: bool Emulator::Load( const QString &path )
Message: No "qemu-system-m68k" element!

Type: Warning Num: 63
Date: 2020.03.09 04:40:03 087
Sender: bool Emulator::Load( const QString &path )
Message: No "qemu-system-microblaze" element!

Type: Warning Num: 64
Date: 2020.03.09 04:40:03 087
Sender: bool Emulator::Load( const QString &path )
Message: No "qemu-system-mips" element!

Type: Warning Num: 65
Date: 2020.03.09 04:40:03 087
Sender: bool Emulator::Load( const QString &path )
Message: No "qemu-system-mips64" element!

Type: Warning Num: 66
Date: 2020.03.09 04:40:03 087
Sender: bool Emulator::Load( const QString &path )
Message: No "qemu-system-mips64el" element!

Type: Warning Num: 67
Date: 2020.03.09 04:40:03 087
Sender: bool Emulator::Load( const QString &path )
Message: No "qemu-system-mipsel" element!

Type: Warning Num: 68
Date: 2020.03.09 04:40:03 087
Sender: bool Emulator::Load( const QString &path )
Message: No "qemu-system-ppc" element!

Type: Warning Num: 69
Date: 2020.03.09 04:40:03 087
Sender: bool Emulator::Load( const QString &path )
Message: No "qemu-system-ppc64" element!

Type: Warning Num: 70
Date: 2020.03.09 04:40:03 087
Sender: bool Emulator::Load( const QString &path )
Message: No "qemu-system-ppcemb" element!

Type: Warning Num: 71
Date: 2020.03.09 04:40:03 087
Sender: bool Emulator::Load( const QString &path )
Message: No "qemu-system-sh4" element!

Type: Warning Num: 72
Date: 2020.03.09 04:40:03 087
Sender: bool Emulator::Load( const QString &path )
Message: No "qemu-system-sh4eb" element!

Type: Warning Num: 73
Date: 2020.03.09 04:40:03 087
Sender: bool Emulator::Load( const QString &path )
Message: No "qemu-system-sparc" element!

Type: Warning Num: 74
Date: 2020.03.09 04:40:03 087
Sender: bool Emulator::Load( const QString &path )
Message: No "qemu-system-sparc64" element!

Type: Warning Num: 76
Date: 2020.03.09 04:40:03 153
Sender: bool Emulator::Load( const QString &path )
Message: No "qemu-system-arm" element!

Type: Warning Num: 77
Date: 2020.03.09 04:40:03 153
Sender: bool Emulator::Load( const QString &path )
Message: No "qemu-system-cris" element!

Type: Warning Num: 78
Date: 2020.03.09 04:40:03 153
Sender: bool Emulator::Load( const QString &path )
Message: No "qemu-system-m68k" element!

Type: Warning Num: 79
Date: 2020.03.09 04:40:03 153
Sender: bool Emulator::Load( const QString &path )
Message: No "qemu-system-microblaze" element!

Type: Warning Num: 80
Date: 2020.03.09 04:40:03 153
Sender: bool Emulator::Load( const QString &path )
Message: No "qemu-system-mips" element!

Type: Warning Num: 81
Date: 2020.03.09 04:40:03 153
Sender: bool Emulator::Load( const QString &path )
Message: No "qemu-system-mips64" element!

Type: Warning Num: 82
Date: 2020.03.09 04:40:03 153
Sender: bool Emulator::Load( const QString &path )
Message: No "qemu-system-mips64el" element!

Type: Warning Num: 83
Date: 2020.03.09 04:40:03 153
Sender: bool Emulator::Load( const QString &path )
Message: No "qemu-system-mipsel" element!

Type: Warning Num: 84
Date: 2020.03.09 04:40:03 153
Sender: bool Emulator::Load( const QString &path )
Message: No "qemu-system-ppc" element!

Type: Warning Num: 85
Date: 2020.03.09 04:40:03 153
Sender: bool Emulator::Load( const QString &path )
Message: No "qemu-system-ppc64" element!

Type: Warning Num: 86
Date: 2020.03.09 04:40:03 153
Sender: bool Emulator::Load( const QString &path )
Message: No "qemu-system-ppcemb" element!

Type: Warning Num: 87
Date: 2020.03.09 04:40:03 153
Sender: bool Emulator::Load( const QString &path )
Message: No "qemu-system-sh4" element!

Type: Warning Num: 88
Date: 2020.03.09 04:40:03 154
Sender: bool Emulator::Load( const QString &path )
Message: No "qemu-system-sh4eb" element!

Type: Warning Num: 89
Date: 2020.03.09 04:40:03 154
Sender: bool Emulator::Load( const QString &path )
Message: No "qemu-system-sparc" element!

Type: Warning Num: 90
Date: 2020.03.09 04:40:03 154
Sender: bool Emulator::Load( const QString &path )
Message: No "qemu-system-sparc64" element!

Type: Warning Num: 92
Date: 2020.03.09 04:40:03 154
Sender: bool Emulator::Load( const QString &path )
Message: No "qemu-system-arm" element!

Type: Warning Num: 93
Date: 2020.03.09 04:40:03 154
Sender: bool Emulator::Load( const QString &path )
Message: No "qemu-system-cris" element!

Type: Warning Num: 94
Date: 2020.03.09 04:40:03 154
Sender: bool Emulator::Load( const QString &path )
Message: No "qemu-system-m68k" element!

Type: Warning Num: 95
Date: 2020.03.09 04:40:03 154
Sender: bool Emulator::Load( const QString &path )
Message: No "qemu-system-microblaze" element!

Type: Warning Num: 96
Date: 2020.03.09 04:40:03 154
Sender: bool Emulator::Load( const QString &path )
Message: No "qemu-system-mips" element!

Type: Warning Num: 97
Date: 2020.03.09 04:40:03 154
Sender: bool Emulator::Load( const QString &path )
Message: No "qemu-system-mips64" element!

Type: Warning Num: 98
Date: 2020.03.09 04:40:03 155
Sender: bool Emulator::Load( const QString &path )
Message: No "qemu-system-mips64el" element!

Type: Warning Num: 99
Date: 2020.03.09 04:40:03 155
Sender: bool Emulator::Load( const QString &path )
Message: No "qemu-system-mipsel" element!

Type: Warning Num: 100
Date: 2020.03.09 04:40:03 155
Sender: bool Emulator::Load( const QString &path )
Message: No "qemu-system-ppc" element!

Type: Warning Num: 101
Date: 2020.03.09 04:40:03 155
Sender: bool Emulator::Load( const QString &path )
Message: No "qemu-system-ppc64" element!

Type: Warning Num: 102
Date: 2020.03.09 04:40:03 155
Sender: bool Emulator::Load( const QString &path )
Message: No "qemu-system-ppcemb" element!

Type: Warning Num: 103
Date: 2020.03.09 04:40:03 155
Sender: bool Emulator::Load( const QString &path )
Message: No "qemu-system-sh4" element!

Type: Warning Num: 104
Date: 2020.03.09 04:40:03 155
Sender: bool Emulator::Load( const QString &path )
Message: No "qemu-system-sh4eb" element!

Type: Warning Num: 105
Date: 2020.03.09 04:40:03 155
Sender: bool Emulator::Load( const QString &path )
Message: No "qemu-system-sparc" element!

Type: Warning Num: 106
Date: 2020.03.09 04:40:03 155
Sender: bool Emulator::Load( const QString &path )
Message: No "qemu-system-sparc64" element!

Type: Warning Num: 107
Date: 2020.03.09 04:40:03 187
Sender: Main_Window::Main_Window( QWidget *parent )
Message: No VM Loaded!

Type: Warning Num: 109
Date: 2020.03.09 04:40:23 376
Sender: bool Emulator::Load( const QString &path )
Message: No "qemu-system-arm" element!

Type: Warning Num: 110
Date: 2020.03.09 04:40:23 376
Sender: bool Emulator::Load( const QString &path )
Message: No "qemu-system-cris" element!

Type: Warning Num: 111
Date: 2020.03.09 04:40:23 376
Sender: bool Emulator::Load( const QString &path )
Message: No "qemu-system-m68k" element!

Type: Warning Num: 112
Date: 2020.03.09 04:40:23 376
Sender: bool Emulator::Load( const QString &path )
Message: No "qemu-system-microblaze" element!

Type: Warning Num: 113
Date: 2020.03.09 04:40:23 376
Sender: bool Emulator::Load( const QString &path )
Message: No "qemu-system-mips" element!

Type: Warning Num: 114
Date: 2020.03.09 04:40:23 376
Sender: bool Emulator::Load( const QString &path )
Message: No "qemu-system-mips64" element!

Type: Warning Num: 115
Date: 2020.03.09 04:40:23 376
Sender: bool Emulator::Load( const QString &path )
Message: No "qemu-system-mips64el" element!

Type: Warning Num: 116
Date: 2020.03.09 04:40:23 376
Sender: bool Emulator::Load( const QString &path )
Message: No "qemu-system-mipsel" element!

Type: Warning Num: 117
Date: 2020.03.09 04:40:23 376
Sender: bool Emulator::Load( const QString &path )
Message: No "qemu-system-ppc" element!

Type: Warning Num: 118
Date: 2020.03.09 04:40:23 376
Sender: bool Emulator::Load( const QString &path )
Message: No "qemu-system-ppc64" element!

Type: Warning Num: 119
Date: 2020.03.09 04:40:23 376
Sender: bool Emulator::Load( const QString &path )
Message: No "qemu-system-ppcemb" element!

Type: Warning Num: 120
Date: 2020.03.09 04:40:23 376
Sender: bool Emulator::Load( const QString &path )
Message: No "qemu-system-sh4" element!

Type: Warning Num: 121
Date: 2020.03.09 04:40:23 376
Sender: bool Emulator::Load( const QString &path )
Message: No "qemu-system-sh4eb" element!

Type: Warning Num: 122
Date: 2020.03.09 04:40:23 376
Sender: bool Emulator::Load( const QString &path )
Message: No "qemu-system-sparc" element!

Type: Warning Num: 123
Date: 2020.03.09 04:40:23 376
Sender: bool Emulator::Load( const QString &path )
Message: No "qemu-system-sparc64" element!

Type: Warning Num: 125
Date: 2020.03.09 04:40:23 377
Sender: bool Emulator::Load( const QString &path )
Message: No "qemu-system-arm" element!

Type: Warning Num: 126
Date: 2020.03.09 04:40:23 377
Sender: bool Emulator::Load( const QString &path )
Message: No "qemu-system-cris" element!

Type: Warning Num: 127
Date: 2020.03.09 04:40:23 377
Sender: bool Emulator::Load( const QString &path )
Message: No "qemu-system-m68k" element!

Type: Warning Num: 128
Date: 2020.03.09 04:40:23 377
Sender: bool Emulator::Load( const QString &path )
Message: No "qemu-system-microblaze" element!

Type: Warning Num: 129
Date: 2020.03.09 04:40:23 377
Sender: bool Emulator::Load( const QString &path )
Message: No "qemu-system-mips" element!

Type: Warning Num: 130
Date: 2020.03.09 04:40:23 377
Sender: bool Emulator::Load( const QString &path )
Message: No "qemu-system-mips64" element!

Type: Warning Num: 131
Date: 2020.03.09 04:40:23 377
Sender: bool Emulator::Load( const QString &path )
Message: No "qemu-system-mips64el" element!

Type: Warning Num: 132
Date: 2020.03.09 04:40:23 378
Sender: bool Emulator::Load( const QString &path )
Message: No "qemu-system-mipsel" element!

Type: Warning Num: 133
Date: 2020.03.09 04:40:23 378
Sender: bool Emulator::Load( const QString &path )
Message: No "qemu-system-ppc" element!

Type: Warning Num: 134
Date: 2020.03.09 04:40:23 378
Sender: bool Emulator::Load( const QString &path )
Message: No "qemu-system-ppc64" element!

Type: Warning Num: 135
Date: 2020.03.09 04:40:23 378
Sender: bool Emulator::Load( const QString &path )
Message: No "qemu-system-ppcemb" element!

Type: Warning Num: 136
Date: 2020.03.09 04:40:23 378
Sender: bool Emulator::Load( const QString &path )
Message: No "qemu-system-sh4" element!

Type: Warning Num: 137
Date: 2020.03.09 04:40:23 378
Sender: bool Emulator::Load( const QString &path )
Message: No "qemu-system-sh4eb" element!

Type: Warning Num: 138
Date: 2020.03.09 04:40:23 378
Sender: bool Emulator::Load( const QString &path )
Message: No "qemu-system-sparc" element!

Type: Warning Num: 139
Date: 2020.03.09 04:40:23 378
Sender: bool Emulator::Load( const QString &path )
Message: No "qemu-system-sparc64" element!

Type: Warning Num: 141
Date: 2020.03.09 04:41:58 120
Sender: bool Emulator::Load( const QString &path )
Message: No "qemu-system-arm" element!

Type: Warning Num: 142
Date: 2020.03.09 04:41:58 120
Sender: bool Emulator::Load( const QString &path )
Message: No "qemu-system-cris" element!

Type: Warning Num: 143
Date: 2020.03.09 04:41:58 120
Sender: bool Emulator::Load( const QString &path )
Message: No "qemu-system-m68k" element!

Type: Warning Num: 144
Date: 2020.03.09 04:41:58 120
Sender: bool Emulator::Load( const QString &path )
Message: No "qemu-system-microblaze" element!

Type: Warning Num: 145
Date: 2020.03.09 04:41:58 120
Sender: bool Emulator::Load( const QString &path )
Message: No "qemu-system-mips" element!

Type: Warning Num: 146
Date: 2020.03.09 04:41:58 120
Sender: bool Emulator::Load( const QString &path )
Message: No "qemu-system-mips64" element!

Type: Warning Num: 147
Date: 2020.03.09 04:41:58 120
Sender: bool Emulator::Load( const QString &path )
Message: No "qemu-system-mips64el" element!

Type: Warning Num: 148
Date: 2020.03.09 04:41:58 120
Sender: bool Emulator::Load( const QString &path )
Message: No "qemu-system-mipsel" element!

Type: Warning Num: 149
Date: 2020.03.09 04:41:58 121
Sender: bool Emulator::Load( const QString &path )
Message: No "qemu-system-ppc" element!

Type: Warning Num: 150
Date: 2020.03.09 04:41:58 121
Sender: bool Emulator::Load( const QString &path )
Message: No "qemu-system-ppc64" element!

Type: Warning Num: 151
Date: 2020.03.09 04:41:58 121
Sender: bool Emulator::Load( const QString &path )
Message: No "qemu-system-ppcemb" element!

Type: Warning Num: 152
Date: 2020.03.09 04:41:58 121
Sender: bool Emulator::Load( const QString &path )
Message: No "qemu-system-sh4" element!

Type: Warning Num: 153
Date: 2020.03.09 04:41:58 121
Sender: bool Emulator::Load( const QString &path )
Message: No "qemu-system-sh4eb" element!

Type: Warning Num: 154
Date: 2020.03.09 04:41:58 121
Sender: bool Emulator::Load( const QString &path )
Message: No "qemu-system-sparc" element!

Type: Warning Num: 155
Date: 2020.03.09 04:41:58 121
Sender: bool Emulator::Load( const QString &path )
Message: No "qemu-system-sparc64" element!

Type: Warning Num: 157
Date: 2020.03.09 04:41:58 122
Sender: bool Emulator::Load( const QString &path )
Message: No "qemu-system-arm" element!

Type: Warning Num: 158
Date: 2020.03.09 04:41:58 122
Sender: bool Emulator::Load( const QString &path )
Message: No "qemu-system-cris" element!

Type: Warning Num: 159
Date: 2020.03.09 04:41:58 122
Sender: bool Emulator::Load( const QString &path )
Message: No "qemu-system-m68k" element!

Type: Warning Num: 160
Date: 2020.03.09 04:41:58 122
Sender: bool Emulator::Load( const QString &path )
Message: No "qemu-system-microblaze" element!

Type: Warning Num: 161
Date: 2020.03.09 04:41:58 122
Sender: bool Emulator::Load( const QString &path )
Message: No "qemu-system-mips" element!

Type: Warning Num: 162
Date: 2020.03.09 04:41:58 122
Sender: bool Emulator::Load( const QString &path )
Message: No "qemu-system-mips64" element!

Type: Warning Num: 163
Date: 2020.03.09 04:41:58 122
Sender: bool Emulator::Load( const QString &path )
Message: No "qemu-system-mips64el" element!

Type: Warning Num: 164
Date: 2020.03.09 04:41:58 122
Sender: bool Emulator::Load( const QString &path )
Message: No "qemu-system-mipsel" element!

Type: Warning Num: 165
Date: 2020.03.09 04:41:58 122
Sender: bool Emulator::Load( const QString &path )
Message: No "qemu-system-ppc" element!

Type: Warning Num: 166
Date: 2020.03.09 04:41:58 122
Sender: bool Emulator::Load( const QString &path )
Message: No "qemu-system-ppc64" element!

Type: Warning Num: 167
Date: 2020.03.09 04:41:58 122
Sender: bool Emulator::Load( const QString &path )
Message: No "qemu-system-ppcemb" element!

Type: Warning Num: 168
Date: 2020.03.09 04:41:58 122
Sender: bool Emulator::Load( const QString &path )
Message: No "qemu-system-sh4" element!

Type: Warning Num: 169
Date: 2020.03.09 04:41:58 123
Sender: bool Emulator::Load( const QString &path )
Message: No "qemu-system-sh4eb" element!

Type: Warning Num: 170
Date: 2020.03.09 04:41:58 123
Sender: bool Emulator::Load( const QString &path )
Message: No "qemu-system-sparc" element!

Type: Warning Num: 171
Date: 2020.03.09 04:41:58 123
Sender: bool Emulator::Load( const QString &path )
Message: No "qemu-system-sparc64" element!

Type: Error Num: 172
Date: 2020.03.09 04:41:58 123
Sender: void Main_Window::Update_Info_Text( int info_mode )
Message: Cannot Find VM!

Type: Warning Num: 173
Date: 2020.03.09 04:43:09 222
Sender: bool Virtual_Machine::Load_VM( const QString &file_name )
Message: Uses compatible mode for config version 0.5

Type: Error Num: 178
Date: 2020.03.09 04:43:24 522
Sender: void Virtual_Machine::Set_Icon_Path( const QString &file_name )
Message: File name is empty!

Type: Warning Num: 306
Date: 2020.03.09 04:47:08 156
Sender: bool System_Info::Read_SysFS_File( const QString &path, QString &data )
Message: Cannot Open File "/sys/bus/usb/devices/2-1/manufacturer"!

Type: Warning Num: 307
Date: 2020.03.09 04:47:08 156
Sender: bool System_Info::Scan_USB_Sys( QList<VM_USB> &list )
Message: Cannot read manufacturer from /sys/bus/usb/devices/

Type: Warning Num: 308
Date: 2020.03.09 04:47:08 156
Sender: bool System_Info::Read_SysFS_File( const QString &path, QString &data )
Message: Cannot Open File "/sys/bus/usb/devices/2-1/serial"!

Type: Warning Num: 309
Date: 2020.03.09 04:47:08 156
Sender: bool System_Info::Scan_USB_Sys( QList<VM_USB> &list )
Message: Cannot read serial from /sys/bus/usb/devices/

Type: Warning Num: 310
Date: 2020.03.09 04:47:08 157
Sender: bool System_Info::Read_SysFS_File( const QString &path, QString &data )
Message: Cannot Open File "/sys/bus/usb/devices/8-1/serial"!

Type: Warning Num: 311
Date: 2020.03.09 04:47:08 157
Sender: bool System_Info::Scan_USB_Sys( QList<VM_USB> &list )
Message: Cannot read serial from /sys/bus/usb/devices/

Type: Warning Num: 312
Date: 2020.03.09 04:47:08 158
Sender: bool System_Info::Read_SysFS_File( const QString &path, QString &data )
Message: Cannot Open File "/sys/bus/usb/devices/8-2/serial"!

Type: Warning Num: 313
Date: 2020.03.09 04:47:08 158
Sender: bool System_Info::Scan_USB_Sys( QList<VM_USB> &list )
Message: Cannot read serial from /sys/bus/usb/devices/

